TN:
SF:next.config.ts
FN:1,(empty-report)
FNF:1
FNH:0
FNDA:0,(empty-report)
DA:1,0
DA:2,0
DA:3,0
DA:4,0
DA:5,0
DA:6,0
DA:7,0
LF:7
LH:0
BRDA:1,0,0,0
BRF:1
BRH:0
end_of_record
TN:
SF:postcss.config.js
FN:1,(empty-report)
FNF:1
FNH:0
FNDA:0,(empty-report)
DA:1,0
DA:2,0
DA:3,0
DA:4,0
DA:5,0
DA:6,0
LF:6
LH:0
BRDA:1,0,0,0
BRF:1
BRH:0
end_of_record
TN:
SF:tailwind.config.ts
FN:1,(empty-report)
FNF:1
FNH:0
FNDA:0,(empty-report)
DA:1,0
DA:2,0
DA:3,0
DA:4,0
DA:5,0
DA:6,0
DA:7,0
DA:8,0
DA:9,0
DA:10,0
DA:11,0
DA:12,0
DA:13,0
DA:14,0
DA:15,0
DA:16,0
DA:17,0
DA:18,0
DA:19,0
DA:20,0
DA:21,0
DA:22,0
DA:23,0
DA:24,0
DA:25,0
DA:26,0
DA:27,0
DA:28,0
DA:29,0
DA:30,0
DA:31,0
DA:32,0
DA:33,0
DA:34,0
DA:35,0
DA:36,0
DA:37,0
DA:38,0
DA:39,0
DA:40,0
DA:41,0
DA:42,0
DA:43,0
DA:44,0
DA:45,0
DA:46,0
DA:47,0
DA:48,0
DA:49,0
DA:50,0
DA:51,0
DA:52,0
DA:53,0
DA:54,0
DA:55,0
LF:55
LH:0
BRDA:1,0,0,0
BRF:1
BRH:0
end_of_record
TN:
SF:vitest.setup.ts
FN:1,(empty-report)
FNF:1
FNH:0
FNDA:0,(empty-report)
DA:1,0
LF:1
LH:0
BRDA:1,0,0,0
BRF:1
BRH:0
end_of_record
TN:
SF:app/layout.tsx
FN:1,(empty-report)
FNF:1
FNH:0
FNDA:0,(empty-report)
DA:1,0
DA:2,0
DA:3,0
DA:4,0
DA:5,0
DA:6,0
DA:7,0
DA:8,0
DA:9,0
DA:10,0
DA:11,0
DA:12,0
DA:13,0
DA:14,0
DA:15,0
LF:15
LH:0
BRDA:1,0,0,0
BRF:1
BRH:0
end_of_record
TN:
SF:app/page.tsx
FN:1,(empty-report)
FNF:1
FNH:0
FNDA:0,(empty-report)
DA:1,0
DA:2,0
DA:3,0
DA:4,0
DA:5,0
LF:5
LH:0
BRDA:1,0,0,0
BRF:1
BRH:0
end_of_record
TN:
SF:components/pages/HomeClient.tsx
FN:34,HomeClient
FN:57,onClick
FN:71,setActiveStage
FN:75,onOpenSettings
FN:83,onClick
FN:118,onBack
FNF:6
FNH:4
FNDA:6,HomeClient
FNDA:1,onClick
FNDA:0,setActiveStage
FNDA:1,onOpenSettings
FNDA:0,onClick
FNDA:1,onBack
DA:1,1
DA:2,1
DA:3,1
DA:4,1
DA:5,1
DA:6,1
DA:7,1
DA:8,1
DA:9,1
DA:10,1
DA:11,1
DA:12,1
DA:13,1
DA:14,1
DA:15,1
DA:16,1
DA:17,1
DA:18,1
DA:19,1
DA:20,1
DA:21,1
DA:22,1
DA:23,1
DA:24,1
DA:25,1
DA:26,1
DA:27,1
DA:28,1
DA:29,1
DA:30,1
DA:31,1
DA:32,1
DA:33,1
DA:34,6
DA:35,6
DA:36,6
DA:37,6
DA:38,6
DA:39,6
DA:40,6
DA:41,6
DA:42,6
DA:43,6
DA:44,6
DA:45,6
DA:46,6
DA:47,6
DA:48,6
DA:49,6
DA:50,6
DA:51,6
DA:52,6
DA:53,6
DA:54,6
DA:55,6
DA:56,6
DA:57,6
DA:58,6
DA:59,6
DA:60,6
DA:61,6
DA:62,6
DA:63,6
DA:64,6
DA:65,6
DA:66,6
DA:67,6
DA:68,6
DA:69,6
DA:70,6
DA:71,6
DA:72,0
DA:73,0
DA:74,0
DA:75,6
DA:76,6
DA:77,6
DA:78,6
DA:79,6
DA:80,1
DA:81,1
DA:82,1
DA:83,1
DA:84,1
DA:85,5
DA:86,6
DA:87,6
DA:88,6
DA:89,5
DA:90,5
DA:91,5
DA:92,5
DA:93,5
DA:94,5
DA:95,5
DA:96,5
DA:97,5
DA:98,5
DA:99,5
DA:100,5
DA:101,5
DA:102,5
DA:103,5
DA:104,5
DA:105,5
DA:106,5
DA:107,5
DA:108,5
DA:109,5
DA:110,5
DA:111,5
DA:112,5
DA:113,5
DA:114,1
DA:115,1
DA:116,1
DA:117,1
DA:118,1
DA:119,1
DA:120,6
DA:121,6
DA:122,6
DA:123,6
DA:124,6
DA:125,6
LF:125
LH:122
BRDA:34,0,0,6
BRDA:63,1,0,1
BRDA:63,2,0,5
BRDA:79,3,0,1
BRDA:84,4,0,5
BRDA:88,5,0,5
BRDA:113,6,0,1
BRDA:57,7,0,1
BRDA:75,8,0,1
BRDA:118,9,0,1
BRF:10
BRH:10
end_of_record
TN:
SF:components/session/SessionCard.tsx
FN:32,SessionCard
FNF:1
FNH:1
FNDA:7,SessionCard
DA:1,1
DA:2,1
DA:3,1
DA:4,1
DA:5,1
DA:6,1
DA:7,1
DA:8,1
DA:9,1
DA:10,1
DA:11,1
DA:12,1
DA:13,1
DA:14,1
DA:15,1
DA:16,1
DA:17,1
DA:18,1
DA:19,1
DA:20,1
DA:21,1
DA:22,1
DA:23,1
DA:24,1
DA:25,1
DA:26,1
DA:27,1
DA:28,1
DA:29,1
DA:30,1
DA:31,1
DA:32,1
DA:33,7
DA:34,1
DA:35,6
DA:36,1
DA:37,5
DA:38,7
DA:39,7
DA:40,7
DA:41,7
DA:42,7
DA:43,7
DA:44,7
DA:45,7
DA:46,7
DA:47,7
DA:48,7
DA:49,7
DA:50,7
DA:51,7
DA:52,7
DA:53,7
DA:54,7
DA:55,7
DA:56,7
DA:57,7
DA:58,7
DA:59,7
DA:60,7
DA:61,7
DA:62,7
DA:63,7
DA:64,7
DA:65,7
DA:66,7
DA:67,7
DA:68,7
DA:69,7
DA:70,7
DA:71,7
DA:72,7
DA:73,7
DA:74,7
DA:75,7
DA:76,7
DA:77,7
DA:78,7
DA:79,7
DA:80,7
DA:81,7
DA:82,7
DA:83,7
DA:84,7
DA:85,7
DA:86,7
DA:87,7
DA:88,7
DA:89,7
DA:90,7
DA:91,7
DA:92,7
DA:93,7
DA:94,7
DA:95,7
DA:96,7
DA:97,7
DA:98,7
DA:99,7
DA:100,7
DA:101,7
DA:102,7
DA:103,7
DA:104,7
DA:105,7
DA:106,7
DA:107,7
DA:108,7
DA:109,7
DA:110,7
DA:111,7
DA:112,7
DA:113,7
DA:114,7
DA:115,7
DA:116,7
DA:117,7
DA:118,7
DA:119,7
DA:120,7
LF:120
LH:120
BRDA:32,0,0,7
BRDA:33,1,0,1
BRDA:34,2,0,6
BRDA:35,3,0,1
BRDA:36,4,0,5
BRDA:114,5,0,5
BRF:6
BRH:6
end_of_record
TN:
SF:components/settings/SettingsView.tsx
FN:13,SettingsView
FNF:1
FNH:1
FNDA:2,SettingsView
DA:1,1
DA:2,1
DA:3,1
DA:4,1
DA:5,1
DA:6,1
DA:7,1
DA:8,1
DA:9,1
DA:10,1
DA:11,1
DA:12,1
DA:13,1
DA:14,2
DA:15,2
DA:16,2
DA:17,2
DA:18,2
DA:19,2
DA:20,2
DA:21,2
DA:22,2
DA:23,2
DA:24,2
DA:25,2
DA:26,2
DA:27,2
DA:28,2
DA:29,2
DA:30,2
DA:31,2
DA:32,2
DA:33,2
DA:34,2
DA:35,2
DA:36,2
DA:37,2
LF:37
LH:37
BRDA:13,0,0,2
BRDA:27,1,0,1
BRDA:27,2,0,1
BRDA:28,3,0,1
BRDA:28,4,0,1
BRF:5
BRH:5
end_of_record
TN:
SF:components/sidebar/SidebarNav.tsx
FN:21,SidebarNav
FN:43,onClick
FN:66,onClick
FN:89,onClick
FNF:4
FNH:3
FNDA:7,SidebarNav
FNDA:0,onClick
FNDA:1,onClick
FNDA:2,onClick
DA:1,1
DA:2,1
DA:3,1
DA:4,1
DA:5,1
DA:6,1
DA:7,1
DA:8,1
DA:9,1
DA:10,1
DA:11,1
DA:12,1
DA:13,1
DA:14,1
DA:15,1
DA:16,1
DA:17,1
DA:18,1
DA:19,1
DA:20,1
DA:21,1
DA:22,7
DA:23,7
DA:24,7
DA:25,7
DA:26,7
DA:27,7
DA:28,7
DA:29,7
DA:30,7
DA:31,7
DA:32,7
DA:33,7
DA:34,7
DA:35,7
DA:36,7
DA:37,7
DA:38,7
DA:39,7
DA:40,7
DA:41,7
DA:42,7
DA:43,7
DA:44,7
DA:45,7
DA:46,7
DA:47,7
DA:48,7
DA:49,7
DA:50,7
DA:51,7
DA:52,7
DA:53,7
DA:54,7
DA:55,7
DA:56,7
DA:57,7
DA:58,7
DA:59,7
DA:60,7
DA:61,7
DA:62,7
DA:63,44
DA:64,44
DA:65,44
DA:66,44
DA:67,1
DA:68,1
DA:69,1
DA:70,44
DA:71,44
DA:72,7
DA:73,37
DA:74,44
DA:75,44
DA:76,44
DA:77,44
DA:78,44
DA:79,44
DA:80,44
DA:81,7
DA:82,7
DA:83,7
DA:84,7
DA:85,7
DA:86,7
DA:87,7
DA:88,7
DA:89,7
DA:90,2
DA:91,2
DA:92,2
DA:93,7
DA:94,7
DA:95,7
DA:96,7
DA:97,7
DA:98,7
DA:99,7
DA:100,7
LF:100
LH:100
BRDA:21,0,0,7
BRDA:32,1,0,2
BRDA:32,2,0,5
BRDA:62,3,0,44
BRDA:71,4,0,7
BRDA:72,5,0,37
BRDA:78,6,0,7
BRDA:78,7,0,37
BRDA:66,8,0,1
BRDA:89,9,0,2
BRF:10
BRH:10
end_of_record
TN:
SF:components/stage0/ChapterPicker.tsx
FN:18,ChapterPicker
FN:63,onChange
FN:69,onChange
FN:94,onClick
FNF:4
FNH:2
FNDA:10,ChapterPicker
FNDA:0,onChange
FNDA:0,onChange
FNDA:1,onClick
DA:1,1
DA:2,1
DA:3,1
DA:4,1
DA:5,1
DA:6,1
DA:7,1
DA:8,1
DA:9,1
DA:10,1
DA:11,1
DA:12,1
DA:13,1
DA:14,1
DA:15,1
DA:16,1
DA:17,1
DA:18,1
DA:19,10
DA:20,10
DA:21,10
DA:22,10
DA:23,10
DA:24,10
DA:25,10
DA:26,10
DA:27,10
DA:28,10
DA:29,10
DA:30,10
DA:31,10
DA:32,10
DA:33,10
DA:34,10
DA:35,10
DA:36,10
DA:37,10
DA:38,10
DA:39,10
DA:40,0
DA:41,10
DA:42,10
DA:43,10
DA:44,10
DA:45,10
DA:46,10
DA:47,10
DA:48,10
DA:49,10
DA:50,10
DA:51,10
DA:52,9
DA:53,1
DA:54,10
DA:55,10
DA:56,10
DA:57,10
DA:58,10
DA:59,10
DA:60,10
DA:61,10
DA:62,10
DA:63,10
DA:64,10
DA:65,10
DA:66,10
DA:67,10
DA:68,10
DA:69,10
DA:70,10
DA:71,10
DA:72,10
DA:73,10
DA:74,10
DA:75,10
DA:76,10
DA:77,10
DA:78,10
DA:79,10
DA:80,10
DA:81,10
DA:82,10
DA:83,10
DA:84,10
DA:85,9
DA:86,9
DA:87,9
DA:88,1
DA:89,1
DA:90,1
DA:91,2
DA:92,2
DA:93,2
DA:94,2
DA:95,2
DA:96,2
DA:97,1
DA:98,1
DA:99,2
DA:100,2
DA:101,2
DA:102,2
DA:103,2
DA:104,2
DA:105,1
DA:106,1
DA:107,2
DA:108,2
DA:109,2
DA:110,1
DA:111,1
DA:112,10
DA:113,10
DA:114,10
DA:115,10
DA:116,10
LF:116
LH:115
BRDA:18,0,0,10
BRDA:39,1,0,0
BRDA:51,2,0,9
BRDA:52,3,0,1
BRDA:84,4,0,9
BRDA:87,5,0,1
BRDA:90,6,0,2
BRDA:96,7,0,1
BRDA:97,8,0,1
BRDA:104,9,0,1
BRDA:105,10,0,1
BRDA:94,11,0,1
BRF:12
BRH:11
end_of_record
TN:
SF:components/stage0/DownloadOptions.tsx
FN:8,DownloadOptions
FN:22,onClick
FN:33,onClick
FN:44,onClick
FN:58,onChange
FNF:5
FNH:3
FNDA:9,DownloadOptions
FNDA:0,onClick
FNDA:1,onClick
FNDA:1,onClick
FNDA:0,onChange
DA:1,1
DA:2,1
DA:3,1
DA:4,1
DA:5,1
DA:6,1
DA:7,1
DA:8,1
DA:9,9
DA:10,9
DA:11,9
DA:12,9
DA:13,9
DA:14,9
DA:15,9
DA:16,9
DA:17,9
DA:18,9
DA:19,9
DA:20,9
DA:21,9
DA:22,9
DA:23,9
DA:24,9
DA:25,9
DA:26,0
DA:27,9
DA:28,9
DA:29,9
DA:30,9
DA:31,9
DA:32,9
DA:33,9
DA:34,9
DA:35,9
DA:36,0
DA:37,9
DA:38,9
DA:39,9
DA:40,9
DA:41,9
DA:42,9
DA:43,9
DA:44,9
DA:45,9
DA:46,9
DA:47,0
DA:48,9
DA:49,9
DA:50,9
DA:51,9
DA:52,9
DA:53,9
DA:54,9
DA:55,9
DA:56,9
DA:57,9
DA:58,9
DA:59,9
DA:60,9
DA:61,9
DA:62,9
DA:63,9
DA:64,9
DA:65,9
DA:66,9
LF:66
LH:63
BRDA:8,0,0,9
BRDA:25,1,0,0
BRDA:35,2,0,0
BRDA:46,3,0,0
BRDA:33,4,0,1
BRDA:44,5,0,1
BRF:6
BRH:3
end_of_record
TN:
SF:components/stage0/Stage0Downloader.tsx
FN:40,Stage0Downloader
FN:97,toggleChapter
FN:109,selectAllChapters
FN:113,clearChapterSelection
FN:117,applyRangeSelection
FN:135,handleScrapeManga
FN:204,handleRunStage0
FN:270,handleOpenFolder
FN:300,onChange
FN:348,onClick
FNF:10
FNH:2
FNDA:8,Stage0Downloader
FNDA:0,toggleChapter
FNDA:0,selectAllChapters
FNDA:0,clearChapterSelection
FNDA:0,applyRangeSelection
FNDA:1,handleScrapeManga
FNDA:0,handleRunStage0
FNDA:0,handleOpenFolder
FNDA:0,onChange
FNDA:0,onClick
DA:1,1
DA:2,1
DA:3,1
DA:4,1
DA:5,1
DA:6,1
DA:7,1
DA:8,1
DA:9,1
DA:10,1
DA:11,1
DA:12,1
DA:13,1
DA:14,1
DA:15,1
DA:16,1
DA:17,1
DA:18,1
DA:19,1
DA:20,1
DA:21,1
DA:22,1
DA:23,1
DA:24,1
DA:25,1
DA:26,1
DA:27,1
DA:28,1
DA:29,1
DA:30,1
DA:31,1
DA:32,1
DA:33,1
DA:34,1
DA:35,1
DA:36,1
DA:37,1
DA:38,1
DA:39,1
DA:40,1
DA:41,8
DA:42,8
DA:43,8
DA:44,8
DA:45,8
DA:46,8
DA:47,8
DA:48,8
DA:49,8
DA:50,8
DA:51,8
DA:52,8
DA:53,8
DA:54,8
DA:55,8
DA:56,8
DA:57,8
DA:58,8
DA:59,8
DA:60,8
DA:61,8
DA:62,8
DA:63,8
DA:64,8
DA:65,8
DA:66,8
DA:67,8
DA:68,8
DA:69,8
DA:70,8
DA:71,8
DA:72,5
DA:73,5
DA:74,5
DA:75,5
DA:76,5
DA:77,5
DA:78,5
DA:79,5
DA:80,5
DA:81,8
DA:82,8
DA:83,8
DA:84,8
DA:85,8
DA:86,8
DA:87,8
DA:88,8
DA:89,8
DA:90,8
DA:91,8
DA:92,8
DA:93,8
DA:94,5
DA:95,8
DA:96,8
DA:97,8
DA:98,0
DA:99,0
DA:100,0
DA:101,0
DA:102,0
DA:103,0
DA:104,0
DA:105,0
DA:106,0
DA:107,0
DA:108,8
DA:109,8
DA:110,0
DA:111,0
DA:112,8
DA:113,8
DA:114,0
DA:115,0
DA:116,8
DA:117,8
DA:118,0
DA:119,0
DA:120,0
DA:121,0
DA:122,0
DA:123,0
DA:124,0
DA:125,0
DA:126,0
DA:127,0
DA:128,0
DA:129,0
DA:130,0
DA:131,0
DA:132,0
DA:133,0
DA:134,8
DA:135,8
DA:136,1
DA:137,1
DA:138,1
DA:139,1
DA:140,0
DA:141,0
DA:142,0
DA:143,0
DA:144,0
DA:145,0
DA:146,0
DA:147,0
DA:148,0
DA:149,0
DA:150,0
DA:151,0
DA:152,0
DA:153,0
DA:154,0
DA:155,0
DA:156,0
DA:157,0
DA:158,0
DA:159,0
DA:160,0
DA:161,0
DA:162,0
DA:163,0
DA:164,0
DA:165,0
DA:166,0
DA:167,0
DA:168,0
DA:169,0
DA:170,0
DA:171,0
DA:172,0
DA:173,0
DA:174,0
DA:175,0
DA:176,0
DA:177,0
DA:178,0
DA:179,0
DA:180,0
DA:181,0
DA:182,0
DA:183,0
DA:184,0
DA:185,0
DA:186,0
DA:187,0
DA:188,0
DA:189,0
DA:190,0
DA:191,0
DA:192,0
DA:193,0
DA:194,0
DA:195,0
DA:196,0
DA:197,0
DA:198,0
DA:199,0
DA:200,0
DA:201,0
DA:202,1
DA:203,8
DA:204,8
DA:205,0
DA:206,0
DA:207,0
DA:208,0
DA:209,0
DA:210,0
DA:211,0
DA:212,0
DA:213,0
DA:214,0
DA:215,0
DA:216,0
DA:217,0
DA:218,0
DA:219,0
DA:220,0
DA:221,0
DA:222,0
DA:223,0
DA:224,0
DA:225,0
DA:226,0
DA:227,0
DA:228,0
DA:229,0
DA:230,0
DA:231,0
DA:232,0
DA:233,0
DA:234,0
DA:235,0
DA:236,0
DA:237,0
DA:238,0
DA:239,0
DA:240,0
DA:241,0
DA:242,0
DA:243,0
DA:244,0
DA:245,0
DA:246,0
DA:247,0
DA:248,0
DA:249,0
DA:250,0
DA:251,0
DA:252,0
DA:253,0
DA:254,0
DA:255,0
DA:256,0
DA:257,0
DA:258,0
DA:259,0
DA:260,0
DA:261,0
DA:262,0
DA:263,0
DA:264,0
DA:265,0
DA:266,0
DA:267,0
DA:268,0
DA:269,8
DA:270,8
DA:271,0
DA:272,0
DA:273,0
DA:274,0
DA:275,0
DA:276,0
DA:277,0
DA:278,0
DA:279,0
DA:280,0
DA:281,0
DA:282,8
DA:283,8
DA:284,8
DA:285,8
DA:286,8
DA:287,8
DA:288,8
DA:289,8
DA:290,8
DA:291,8
DA:292,8
DA:293,8
DA:294,8
DA:295,8
DA:296,8
DA:297,8
DA:298,8
DA:299,8
DA:300,8
DA:301,8
DA:302,8
DA:303,8
DA:304,8
DA:305,8
DA:306,8
DA:307,8
DA:308,8
DA:309,8
DA:310,8
DA:311,8
DA:312,8
DA:313,8
DA:314,8
DA:315,8
DA:316,8
DA:317,8
DA:318,8
DA:319,8
DA:320,8
DA:321,8
DA:322,8
DA:323,8
DA:324,8
DA:325,8
DA:326,8
DA:327,8
DA:328,8
DA:329,8
DA:330,8
DA:331,8
DA:332,8
DA:333,8
DA:334,8
DA:335,8
DA:336,8
DA:337,8
DA:338,8
DA:339,8
DA:340,8
DA:341,8
DA:342,8
DA:343,8
DA:344,8
DA:345,8
DA:346,8
DA:347,8
DA:348,8
DA:349,0
DA:350,0
DA:351,0
DA:352,0
DA:353,8
DA:354,8
DA:355,8
DA:356,8
DA:357,8
DA:358,8
DA:359,8
DA:360,8
DA:361,8
DA:362,8
DA:363,8
DA:364,8
DA:365,8
DA:366,8
DA:367,8
DA:368,8
DA:369,8
DA:370,8
DA:371,8
LF:371
LH:200
BRDA:40,0,0,8
BRDA:68,1,0,0
BRDA:309,2,0,0
BRDA:343,3,0,0
BRDA:64,4,0,4
BRDA:71,5,0,5
BRDA:93,6,0,5
BRDA:94,7,0,2
BRDA:135,8,0,1
BRDA:139,9,0,0
BRF:10
BRH:6
end_of_record
TN:
SF:components/ui/badge.tsx
FN:26,Badge
FNF:1
FNH:1
FNDA:19,Badge
DA:1,1
DA:2,1
DA:3,1
DA:4,1
DA:5,1
DA:6,1
DA:7,1
DA:8,1
DA:9,1
DA:10,1
DA:11,1
DA:12,1
DA:13,1
DA:14,1
DA:15,1
DA:16,1
DA:17,1
DA:18,1
DA:19,1
DA:20,1
DA:21,1
DA:22,1
DA:23,1
DA:24,1
DA:25,1
DA:26,19
DA:27,19
DA:28,19
DA:29,1
DA:30,1
LF:30
LH:30
BRDA:26,0,0,19
BRF:1
BRH:1
end_of_record
TN:
SF:components/ui/button.tsx
FNF:0
FNH:0
DA:1,1
DA:2,1
DA:3,1
DA:4,1
DA:5,1
DA:6,1
DA:7,1
DA:8,1
DA:9,1
DA:10,1
DA:11,1
DA:12,1
DA:13,1
DA:14,1
DA:15,1
DA:16,1
DA:17,1
DA:18,1
DA:19,1
DA:20,1
DA:21,1
DA:22,1
DA:23,1
DA:24,1
DA:25,1
DA:26,1
DA:27,1
DA:28,1
DA:29,1
DA:30,1
DA:31,1
DA:32,1
DA:33,1
DA:34,1
DA:35,1
DA:36,1
DA:37,1
DA:38,67
DA:39,67
DA:40,67
DA:41,1
DA:42,1
DA:43,1
DA:44,1
LF:44
LH:44
BRDA:37,0,0,67
BRDA:38,1,0,1
BRDA:38,2,0,66
BRF:3
BRH:3
end_of_record
TN:
SF:components/ui/card.tsx
FNF:0
FNH:0
DA:1,1
DA:2,1
DA:3,1
DA:4,1
DA:5,1
DA:6,1
DA:7,30
DA:8,30
DA:9,30
DA:10,30
DA:11,30
DA:12,30
DA:13,30
DA:14,30
DA:15,1
DA:16,1
DA:17,1
DA:18,1
DA:19,1
DA:20,1
DA:21,1
DA:22,1
DA:23,1
DA:24,1
DA:25,1
DA:26,1
DA:27,1
DA:28,1
DA:29,1
DA:30,1
DA:31,1
DA:32,1
DA:33,1
DA:34,1
DA:35,1
DA:36,1
DA:37,1
DA:38,1
DA:39,1
DA:40,1
DA:41,1
DA:42,1
DA:43,1
DA:44,1
LF:44
LH:44
BRDA:6,0,0,30
BRDA:20,1,0,30
BRDA:25,2,0,30
BRDA:30,3,0,30
BRDA:35,4,0,25
BRF:5
BRH:5
end_of_record
TN:
SF:components/ui/progress.tsx
FN:9,Progress
FNF:1
FNH:1
FNDA:10,Progress
DA:1,1
DA:2,1
DA:3,1
DA:4,1
DA:5,1
DA:6,1
DA:7,1
DA:8,1
DA:9,10
DA:10,10
DA:11,10
DA:12,10
DA:13,10
DA:14,10
DA:15,10
DA:16,10
DA:17,10
DA:18,10
DA:19,10
DA:20,10
DA:21,10
DA:22,10
DA:23,10
DA:24,10
DA:25,10
DA:26,1
DA:27,1
LF:27
LH:27
BRDA:9,0,0,10
BRF:1
BRH:1
end_of_record
TN:
SF:lib/runtimeErrors.ts
FN:3,formatRuntimeError
FNF:1
FNH:1
FNDA:5,formatRuntimeError
DA:1,1
DA:2,1
DA:3,1
DA:4,5
DA:5,5
DA:6,5
DA:7,4
DA:8,4
DA:9,4
DA:10,4
DA:11,4
DA:12,4
DA:13,4
DA:14,1
DA:15,1
DA:16,3
DA:17,4
DA:18,4
DA:19,1
DA:20,1
DA:21,4
DA:22,1
DA:23,1
DA:24,1
DA:25,1
DA:26,1
DA:27,1
DA:28,1
DA:29,1
DA:30,4
DA:31,1
DA:32,1
DA:33,1
LF:33
LH:33
BRDA:3,0,0,5
BRDA:6,1,0,4
BRDA:8,2,0,3
BRDA:13,3,0,1
BRDA:15,4,0,3
BRDA:17,5,0,0
BRDA:18,6,0,1
BRDA:20,7,0,2
BRDA:21,8,0,1
BRDA:30,9,0,1
BRDA:9,10,0,1
BRDA:10,11,0,1
BRF:12
BRH:11
end_of_record
TN:
SF:lib/stage0.ts
FN:13,extractChaptersFromEvents
FN:18,extractLastPercent
FN:24,extractCompleteSummary
FN:33,buildStage0Args
FNF:4
FNH:4
FNDA:1,extractChaptersFromEvents
FNDA:2,extractLastPercent
FNDA:2,extractCompleteSummary
FNDA:4,buildStage0Args
DA:1,1
DA:2,1
DA:3,1
DA:4,1
DA:5,1
DA:6,1
DA:7,1
DA:8,1
DA:9,1
DA:10,1
DA:11,1
DA:12,1
DA:13,1
DA:14,1
DA:15,1
DA:16,1
DA:17,1
DA:18,1
DA:19,2
DA:20,2
DA:21,2
DA:22,2
DA:23,1
DA:24,1
DA:25,2
DA:26,2
DA:27,1
DA:28,1
DA:29,1
DA:30,1
DA:31,1
DA:32,1
DA:33,1
DA:34,4
DA:35,4
DA:36,4
DA:37,4
DA:38,4
DA:39,4
DA:40,4
DA:41,4
DA:42,4
DA:43,4
DA:44,1
DA:45,1
DA:46,1
DA:47,3
DA:48,4
DA:49,1
DA:50,1
DA:51,3
DA:52,4
DA:53,4
DA:54,4
DA:55,1
DA:56,1
DA:57,3
DA:58,3
DA:59,3
LF:59
LH:59
BRDA:13,0,0,1
BRDA:14,1,0,2
BRDA:15,2,0,1
BRDA:15,3,0,0
BRDA:18,4,0,2
BRDA:21,5,0,1
BRDA:21,6,0,1
BRDA:21,7,0,1
BRDA:19,8,0,4
BRDA:24,9,0,2
BRDA:26,10,0,1
BRDA:25,11,0,3
BRDA:33,12,0,4
BRDA:43,13,0,1
BRDA:46,14,0,3
BRDA:48,15,0,1
BRDA:48,16,0,1
BRDA:50,17,0,3
BRDA:52,18,0,0
BRDA:54,19,0,2
BRDA:54,20,0,1
BRDA:56,21,0,3
BRF:22
BRH:20
end_of_record
TN:
SF:lib/theme.ts
FN:3,applyThemeToDocument
FNF:1
FNH:1
FNDA:6,applyThemeToDocument
DA:1,1
DA:2,1
DA:3,1
DA:4,6
DA:5,6
DA:6,6
LF:6
LH:6
BRDA:3,0,0,6
BRF:1
BRH:1
end_of_record
TN:
SF:lib/useTheme.ts
FN:7,useTheme
FN:17,toggleTheme
FNF:2
FNH:2
FNDA:11,useTheme
FNDA:1,toggleTheme
DA:1,1
DA:2,1
DA:3,1
DA:4,1
DA:5,1
DA:6,1
DA:7,1
DA:8,11
DA:9,11
DA:10,11
DA:11,3
DA:12,3
DA:13,3
DA:14,3
DA:15,11
DA:16,11
DA:17,11
DA:18,1
DA:19,1
DA:20,1
DA:21,1
DA:22,1
DA:23,1
DA:24,1
DA:25,11
DA:26,11
DA:27,11
LF:27
LH:27
BRDA:7,0,0,11
BRDA:10,1,0,3
BRDA:12,2,0,1
BRDA:12,3,0,2
BRDA:17,4,0,1
BRDA:18,5,0,1
BRDA:19,6,0,0
BRF:7
BRH:6
end_of_record
TN:
SF:lib/utils.ts
FN:4,cn
FNF:1
FNH:1
FNDA:243,cn
DA:1,1
DA:2,1
DA:3,1
DA:4,1
DA:5,243
DA:6,243
LF:6
LH:6
BRDA:4,0,0,243
BRF:1
BRH:1
end_of_record
